20210810 14:52:28 INFO  [main] Main Main.java80 - Поиск станций: adf;l bmdf;lmbv
20210810 14:52:28 WARN  [main] Main Main.java86 - Станция не найдена: adf;l bmdf;lmbv
20210810 14:52:31 INFO  [main] Main Main.java80 - Поиск станций: d,mv d;v,m
20210810 14:52:31 WARN  [main] Main Main.java86 - Станция не найдена: d,mv d;v,m
2021.08.10 14:53:17 INFO  [main] Main Main.java80 - Поиск станций: df;kn v
2021.08.10 14:53:17 WARN  [main] Main Main.java86 - Станция не найдена: df;kn v
2021.08.10 14:53:21 INFO  [main] Main Main.java80 - Поиск станций: df;kv fk dkj n
2021.08.10 14:53:21 WARN  [main] Main Main.java86 - Станция не найдена: df;kv fk dkj n
2021-08-10 14:54:20 INFO  [main] Main Main.java80 - Поиск станций: 
2021-08-10 14:54:20 WARN  [main] Main Main.java86 - Станция не найдена: 
2021-08-10 14:54:20 INFO  [main] Main Main.java80 - Поиск станций: d;kfbjnvdfkjnb
2021-08-10 14:54:20 WARN  [main] Main Main.java86 - Станция не найдена: d;kfbjnvdfkjnb
2021-08-10 14:54:24 INFO  [main] Main Main.java80 - Поиск станций: dflk bmdf
2021-08-10 14:54:24 WARN  [main] Main Main.java86 - Станция не найдена: dflk bmdf
2021-08-10 14:54:26 INFO  [main] Main Main.java80 - Поиск станций: bdf vbml
2021-08-10 14:54:26 WARN  [main] Main Main.java86 - Станция не найдена: bdf vbml
2021-08-10 15:27:46 INFO  [main] Main Main.java80 - Поиск станций: ifdbuvnfdjnv
2021-08-10 15:27:46 WARN  [main] Main Main.java86 - Станция не найдена: ifdbuvnfdjnv
2021-08-10 15:27:48 INFO  [main] Main Main.java80 - Поиск станций: dvjnfdkjsnv
2021-08-10 15:27:48 WARN  [main] Main Main.java86 - Станция не найдена: dvjnfdkjsnv
2021-08-10 15:27:50 INFO  [main] Main Main.java80 - Поиск станций: fd knak;n
2021-08-10 15:27:50 WARN  [main] Main Main.java86 - Станция не найдена: fd knak;n
